Here is the matrix m:
   0.68  -0.605 -0.0452
 -0.211   -0.33   0.258
  0.566   0.536   -0.27
  0.597  -0.444  0.0268
  0.823   0.108   0.904
Here is, up to permutations, its LU decomposition matrix:
 0.904  0.823  0.108
-0.299  0.812  0.569
 -0.05  0.888   -1.1
0.0296  0.705  0.768
 0.285 -0.549 0.0436
Here is the L part:
     1      0      0      0      0
-0.299      1      0      0      0
 -0.05  0.888      1      0      0
0.0296  0.705  0.768      1      0
 0.285 -0.549 0.0436      0      1
Here is the U part:
0.904 0.823 0.108
    0 0.812 0.569
    0     0  -1.1
    0     0     0
    0     0     0
Let us now reconstruct the original matrix m:
   0.68  -0.605 -0.0452
 -0.211   -0.33   0.258
  0.566   0.536   -0.27
  0.597  -0.444  0.0268
  0.823   0.108   0.904
