Here is a random 6x6 matrix, A:
   0.68   -0.33   -0.27  -0.717  -0.687  0.0259
 -0.211   0.536  0.0268   0.214  -0.198   0.678
  0.566  -0.444   0.904  -0.967   -0.74   0.225
  0.597   0.108   0.832  -0.514  -0.782  -0.408
  0.823 -0.0452   0.271  -0.726   0.998   0.275
 -0.605   0.258   0.435   0.608  -0.563  0.0486

The pseudo-eigenvalue matrix D is:
 0.049   1.06      0      0      0      0
 -1.06  0.049      0      0      0      0
     0      0  0.967      0      0      0
     0      0      0  0.353      0      0
     0      0      0      0  0.618  0.129
     0      0      0      0 -0.129  0.618
The pseudo-eigenvector matrix V is:
  -0.571   -0.888   -0.066    -1.13     17.2    -3.53
   0.263   -0.204   -0.869     0.21     9.73     10.7
  -0.827   -0.352    0.209   0.0871    -9.75    -4.17
   -1.15   0.0535  -0.0857   -0.971     9.36    -4.52
  -0.485    0.258    0.436    0.337    -9.74    -2.21
   0.206    0.353   -0.426 -0.00873   -0.943     2.98
Finally, V * D * V^(-1) = 
   0.68   -0.33   -0.27  -0.717  -0.687  0.0259
 -0.211   0.536  0.0268   0.214  -0.198   0.678
  0.566  -0.444   0.904  -0.967   -0.74   0.225
  0.597   0.108   0.832  -0.514  -0.782  -0.408
  0.823 -0.0452   0.271  -0.726   0.998   0.275
 -0.605   0.258   0.435   0.608  -0.563  0.0486
