Here is a random 4x4 matrix:
   0.68   0.823  -0.444   -0.27
 -0.211  -0.605   0.108  0.0268
  0.566   -0.33 -0.0452   0.904
  0.597   0.536   0.258   0.832
The Hessenberg matrix H is:
   0.68  -0.691  -0.645   0.235
  0.849   0.836  -0.419   0.794
      0  -0.469  -0.547 -0.0731
      0       0  -0.559  -0.107
The orthogonal matrix Q is:
      1       0       0       0
      0  -0.249  -0.958   0.144
      0   0.667  -0.277  -0.692
      0   0.703 -0.0761   0.707
Q H Q^T is:
   0.68   0.823  -0.444   -0.27
 -0.211  -0.605   0.108  0.0268
  0.566   -0.33 -0.0452   0.904
  0.597   0.536   0.258   0.832
