Here is a random 6x6 matrix, A:
   0.68   -0.33   -0.27  -0.717  -0.687  0.0259
 -0.211   0.536  0.0268   0.214  -0.198   0.678
  0.566  -0.444   0.904  -0.967   -0.74   0.225
  0.597   0.108   0.832  -0.514  -0.782  -0.408
  0.823 -0.0452   0.271  -0.726   0.998   0.275
 -0.605   0.258   0.435   0.608  -0.563  0.0486

The orthogonal matrix U is:
  0.348  -0.754 0.00435  -0.351  0.0146   0.432
  -0.16  -0.266  -0.747   0.457  -0.366  0.0571
  0.505  -0.157  0.0746   0.644   0.518  -0.177
  0.703   0.324  -0.409  -0.349  -0.187  -0.275
  0.296   0.372    0.24   0.324  -0.379   0.684
 -0.126   0.305   -0.46  -0.161   0.647   0.485
The quasi-triangular matrix T is:
   -0.2   -1.83   0.864   0.271    1.09   0.139
  0.647   0.298 -0.0536   0.676  -0.288  0.0231
      0       0   0.967  -0.201  -0.429   0.847
      0       0       0   0.353   0.603   0.694
      0       0       0       0   0.572   -1.03
      0       0       0       0  0.0184   0.664

U * T * U^T = 
   0.68   -0.33   -0.27  -0.717  -0.687  0.0259
 -0.211   0.536  0.0268   0.214  -0.198   0.678
  0.566  -0.444   0.904  -0.967   -0.74   0.225
  0.597   0.108   0.832  -0.514  -0.782  -0.408
  0.823 -0.0452   0.271  -0.726   0.998   0.275
 -0.605   0.258   0.435   0.608  -0.563  0.0486
