Here is a random symmetric 5x5 matrix, A:
  1.36 -0.816  0.521   1.43 -0.144
-0.816 -0.659  0.794 -0.173 -0.406
 0.521  0.794 -0.541  0.461  0.179
  1.43 -0.173  0.461  -1.43  0.822
-0.144 -0.406  0.179  0.822  -1.37

The eigenvalues of A are:
 -2.65
 -1.77
-0.745
 0.227
  2.29
The matrix of eigenvectors, V, is:
 -0.326 -0.0984   0.347 -0.0109   0.874
 -0.207  -0.642   0.228   0.662  -0.232
 0.0495   0.629  -0.164    0.74   0.164
  0.721  -0.397  -0.402   0.115   0.385
 -0.573  -0.156  -0.799 -0.0256  0.0858

Consider the first eigenvalue, lambda = -2.65
If v is the corresponding eigenvector, then lambda * v = 
 0.865
  0.55
-0.131
 -1.91
  1.52
... and A * v = 
 0.865
  0.55
-0.131
 -1.91
  1.52

Finally, V * D * V^(-1) = 
  1.36 -0.816  0.521   1.43 -0.144
-0.816 -0.659  0.794 -0.173 -0.406
 0.521  0.794 -0.541  0.461  0.179
  1.43 -0.173  0.461  -1.43  0.822
-0.144 -0.406  0.179  0.822  -1.37
