Here is a random symmetric matrix, A:
  1.36 -0.816  0.521   1.43 -0.144
-0.816 -0.659  0.794 -0.173 -0.406
 0.521  0.794 -0.541  0.461  0.179
  1.43 -0.173  0.461  -1.43  0.822
-0.144 -0.406  0.179  0.822  -1.37
and a random postive-definite matrix, B:
  0.132  0.0109 -0.0512  0.0674  -0.143
 0.0109    1.68    1.13   -1.12   0.916
-0.0512    1.13     2.3   -2.14    1.86
 0.0674   -1.12   -2.14    2.69   -2.01
 -0.143   0.916    1.86   -2.01    1.68

The eigenvalues of the pencil (A,B) are:
  -227
  -3.9
-0.837
 0.101
  54.2
The matrix of eigenvectors, V, is:
   14.2   -1.03  0.0766 -0.0273   -8.36
 0.0546  -0.115   0.729   0.478   0.374
  -9.23   0.624 -0.0165   0.499    3.01
   7.88     1.3   0.225   0.109   -3.85
   20.8   0.805  -0.567 -0.0828   -8.73

Consider the first eigenvalue, lambda = -227
If v is the corresponding eigenvector, then A * v = 
 22.8
-28.8
 19.8
 21.9
-25.9
... and lambda * B * v = 
 22.8
-28.8
 19.8
 21.9
-25.9

