Here is a random symmetric 5x5 matrix:
  1.36 -0.816  0.521   1.43 -0.144
-0.816 -0.659  0.794 -0.173 -0.406
 0.521  0.794 -0.541  0.461  0.179
  1.43 -0.173  0.461  -1.43  0.822
-0.144 -0.406  0.179  0.822  -1.37

The orthogonal matrix Q is:
       1        0        0        0        0
       0   -0.471    0.127   -0.671   -0.558
       0    0.301   -0.195    0.437   -0.825
       0    0.825   0.0459   -0.563 -0.00872
       0  -0.0832   -0.971   -0.202   0.0922
The tridiagonal matrix T is:
  1.36   1.73      0      0      0
  1.73   -1.2 -0.966      0      0
     0 -0.966  -1.28  0.214      0
     0      0  0.214  -1.69  0.345
     0      0      0  0.345  0.164

Q * T * Q^T = 
  1.36 -0.816  0.521   1.43 -0.144
-0.816 -0.659  0.794 -0.173 -0.406
 0.521  0.794 -0.541  0.461  0.179
  1.43 -0.173  0.461  -1.43  0.822
-0.144 -0.406  0.179  0.822  -1.37
